<?xml version="1.0" encoding="UTF-8"?>
<testsuite name="food.model.input.FoodApiImplTest" tests="7" skipped="0" failures="0" errors="0" timestamp="2021-06-17T22:54:30" hostname="LAPTOP-JD00PDLT" time="0.525">
  <properties/>
  <testcase name="searchAPISuccessTrue" classname="food.model.input.FoodApiImplTest" time="0.346"/>
  <testcase name="searchAPISuccessFalse" classname="food.model.input.FoodApiImplTest" time="0.045"/>
  <testcase name="searchCacheSuccessFalse" classname="food.model.input.FoodApiImplTest" time="0.032"/>
  <testcase name="getNutritionAPISuccessFalse" classname="food.model.input.FoodApiImplTest" time="0.027"/>
  <testcase name="searchCacheSuccessTrue" classname="food.model.input.FoodApiImplTest" time="0.038"/>
  <testcase name="getNutritionAPISuccessTrue" classname="food.model.input.FoodApiImplTest" time="0.023"/>
  <testcase name="getNutritionDatabaseSuccessTrue" classname="food.model.input.FoodApiImplTest" time="0.013"/>
  <system-out><![CDATA[]]></system-out>
  <system-err><![CDATA[]]></system-err>
</testsuite>
