<?xml version="1.0" encoding="UTF-8"?>
<testsuite name="food.model.FoodImplTest" tests="12" skipped="0" failures="0" errors="0" timestamp="2021-06-17T22:54:30" hostname="LAPTOP-JD00PDLT" time="0.1">
  <properties/>
  <testcase name="generateReportSimple" classname="food.model.FoodImplTest" time="0.066"/>
  <testcase name="getFoodContentsLabel" classname="food.model.FoodImplTest" time="0.002"/>
  <testcase name="getImagePath" classname="food.model.FoodImplTest" time="0.003"/>
  <testcase name="getCategoryLabel" classname="food.model.FoodImplTest" time="0.003"/>
  <testcase name="getNutrients" classname="food.model.FoodImplTest" time="0.004"/>
  <testcase name="getID" classname="food.model.FoodImplTest" time="0.002"/>
  <testcase name="getServingsPerContainer" classname="food.model.FoodImplTest" time="0.002"/>
  <testcase name="getMeasures" classname="food.model.FoodImplTest" time="0.002"/>
  <testcase name="generateReportTooManyCalories" classname="food.model.FoodImplTest" time="0.009"/>
  <testcase name="getBrand" classname="food.model.FoodImplTest" time="0.002"/>
  <testcase name="getLabel" classname="food.model.FoodImplTest" time="0.002"/>
  <testcase name="getCategory" classname="food.model.FoodImplTest" time="0.002"/>
  <system-out><![CDATA[]]></system-out>
  <system-err><![CDATA[]]></system-err>
</testsuite>
