<?xml version="1.0" encoding="UTF-8"?>
<testsuite name="food.model.NutritionImplTest" tests="7" skipped="0" failures="0" errors="0" timestamp="2021-06-17T22:54:35" hostname="LAPTOP-JD00PDLT" time="0.011">
  <properties/>
  <testcase name="getCautions" classname="food.model.NutritionImplTest" time="0.002"/>
  <testcase name="getDietLabels" classname="food.model.NutritionImplTest" time="0.001"/>
  <testcase name="getTotalWeight" classname="food.model.NutritionImplTest" time="0.001"/>
  <testcase name="getTotalDaily" classname="food.model.NutritionImplTest" time="0.002"/>
  <testcase name="getTotalNutrients" classname="food.model.NutritionImplTest" time="0.001"/>
  <testcase name="getCalories" classname="food.model.NutritionImplTest" time="0.002"/>
  <testcase name="getHealthLabels" classname="food.model.NutritionImplTest" time="0.001"/>
  <system-out><![CDATA[]]></system-out>
  <system-err><![CDATA[]]></system-err>
</testsuite>
