<?xml version="1.0" encoding="UTF-8"?>
<testsuite name="food.model.ModelFacadeImplTest" tests="26" skipped="0" failures="0" errors="0" timestamp="2021-06-17T22:54:31" hostname="LAPTOP-JD00PDLT" time="4.038">
  <properties/>
  <testcase name="queueCompound" classname="food.model.ModelFacadeImplTest" time="1.062"/>
  <testcase name="getNutritionFailTrue" classname="food.model.ModelFacadeImplTest" time="0.102"/>
  <testcase name="queueNutritionSimple" classname="food.model.ModelFacadeImplTest" time="0.104"/>
  <testcase name="getNutritionNullNutrition" classname="food.model.ModelFacadeImplTest" time="0.102"/>
  <testcase name="detachFoodObserver" classname="food.model.ModelFacadeImplTest" time="0.103"/>
  <testcase name="getNutritionAboveBound" classname="food.model.ModelFacadeImplTest" time="0.103"/>
  <testcase name="runSimple" classname="food.model.ModelFacadeImplTest" time="0.102"/>
  <testcase name="detachMessageObserver" classname="food.model.ModelFacadeImplTest" time="0.101"/>
  <testcase name="searchTrueFalse" classname="food.model.ModelFacadeImplTest" time="0.102"/>
  <testcase name="queueSendMessageSimple" classname="food.model.ModelFacadeImplTest" time="0.103"/>
  <testcase name="searchTrueTrue" classname="food.model.ModelFacadeImplTest" time="0.103"/>
  <testcase name="getNutritionBelowBound" classname="food.model.ModelFacadeImplTest" time="0.102"/>
  <testcase name="detachNutritionObserver" classname="food.model.ModelFacadeImplTest" time="0.102"/>
  <testcase name="searchFalseTrue" classname="food.model.ModelFacadeImplTest" time="0.104"/>
  <testcase name="sendMessageFail" classname="food.model.ModelFacadeImplTest" time="0.103"/>
  <testcase name="sendMessage" classname="food.model.ModelFacadeImplTest" time="0.103"/>
  <testcase name="getNutritionEqualToBound" classname="food.model.ModelFacadeImplTest" time="0.104"/>
  <testcase name="queueSearchSimpleTrue" classname="food.model.ModelFacadeImplTest" time="0.304"/>
  <testcase name="searchEmptyTrue" classname="food.model.ModelFacadeImplTest" time="0.103"/>
  <testcase name="searchEmptyFalse" classname="food.model.ModelFacadeImplTest" time="0.103"/>
  <testcase name="queueSearchSimpleFalse" classname="food.model.ModelFacadeImplTest" time="0.306"/>
  <testcase name="searchFalseError" classname="food.model.ModelFacadeImplTest" time="0.102"/>
  <testcase name="searchFalseFalse" classname="food.model.ModelFacadeImplTest" time="0.104"/>
  <testcase name="getNutritionTrue" classname="food.model.ModelFacadeImplTest" time="0.103"/>
  <testcase name="getNutritionFailFalse" classname="food.model.ModelFacadeImplTest" time="0.103"/>
  <testcase name="getNutritionFalse" classname="food.model.ModelFacadeImplTest" time="0.104"/>
  <system-out><![CDATA[]]></system-out>
  <system-err><![CDATA[]]></system-err>
</testsuite>
