<?xml version="1.0" encoding="UTF-8"?>
<testsuite name="food.model.NutrientImplTest" tests="3" skipped="0" failures="0" errors="0" timestamp="2021-06-17T22:54:35" hostname="LAPTOP-JD00PDLT" time="0.004">
  <properties/>
  <testcase name="getUnit" classname="food.model.NutrientImplTest" time="0.002"/>
  <testcase name="getQuantity" classname="food.model.NutrientImplTest" time="0.001"/>
  <testcase name="getLabel" classname="food.model.NutrientImplTest" time="0.001"/>
  <system-out><![CDATA[]]></system-out>
  <system-err><![CDATA[]]></system-err>
</testsuite>
