<?xml version="1.0" encoding="UTF-8"?>
<testsuite name="food.controller.ControllerImplTest" tests="38" skipped="0" failures="0" errors="0" timestamp="2021-06-17T22:54:28" hostname="LAPTOP-JD00PDLT" time="1.565">
  <properties/>
  <testcase name="setMaxCaloriesTooHigh" classname="food.controller.ControllerImplTest" time="1.386"/>
  <testcase name="setMaxCaloriesTooLarge" classname="food.controller.ControllerImplTest" time="0.003"/>
  <testcase name="setMaxCaloriesTooSmall" classname="food.controller.ControllerImplTest" time="0.003"/>
  <testcase name="setMaxCaloriesLowerBound" classname="food.controller.ControllerImplTest" time="0.004"/>
  <testcase name="searchInjection" classname="food.controller.ControllerImplTest" time="0.004"/>
  <testcase name="registerFoodListObserver" classname="food.controller.ControllerImplTest" time="0.002"/>
  <testcase name="setMaxCaloriesEmpty" classname="food.controller.ControllerImplTest" time="0.003"/>
  <testcase name="searchNormalFalseTrue" classname="food.controller.ControllerImplTest" time="0.002"/>
  <testcase name="registerNutritionObserver" classname="food.controller.ControllerImplTest" time="0.002"/>
  <testcase name="sendMessageNullNutrition" classname="food.controller.ControllerImplTest" time="0.043"/>
  <testcase name="getNutritionNullMeasure" classname="food.controller.ControllerImplTest" time="0.002"/>
  <testcase name="setMaxCaloriesNonNumerical1" classname="food.controller.ControllerImplTest" time="0.002"/>
  <testcase name="setMaxCaloriesNonNumerical2" classname="food.controller.ControllerImplTest" time="0.002"/>
  <testcase name="setMaxCaloriesNonNumerical3" classname="food.controller.ControllerImplTest" time="0.003"/>
  <testcase name="setMaxCaloriesNonNumerical4" classname="food.controller.ControllerImplTest" time="0.003"/>
  <testcase name="setMaxCaloriesNonNumerical5" classname="food.controller.ControllerImplTest" time="0.004"/>
  <testcase name="searchNull" classname="food.controller.ControllerImplTest" time="0.002"/>
  <testcase name="getNutritionEmptyMeasure" classname="food.controller.ControllerImplTest" time="0.002"/>
  <testcase name="sendMessageNormal" classname="food.controller.ControllerImplTest" time="0.043"/>
  <testcase name="searchEmpty" classname="food.controller.ControllerImplTest" time="0.002"/>
  <testcase name="setMaxCaloriesUpperBound" classname="food.controller.ControllerImplTest" time="0.002"/>
  <testcase name="searchNormalTrueTrue" classname="food.controller.ControllerImplTest" time="0.001"/>
  <testcase name="registerMessageObserver" classname="food.controller.ControllerImplTest" time="0.001"/>
  <testcase name="getNutritionNullFood" classname="food.controller.ControllerImplTest" time="0.002"/>
  <testcase name="removeMessageObserver" classname="food.controller.ControllerImplTest" time="0.002"/>
  <testcase name="setMaxCaloriesNegative" classname="food.controller.ControllerImplTest" time="0.002"/>
  <testcase name="getNutritionNormalTrue" classname="food.controller.ControllerImplTest" time="0.003"/>
  <testcase name="getNutritionNormalFalse" classname="food.controller.ControllerImplTest" time="0.002"/>
  <testcase name="setMaxCaloriesDecimal" classname="food.controller.ControllerImplTest" time="0.002"/>
  <testcase name="setMaxCaloriesNull" classname="food.controller.ControllerImplTest" time="0.002"/>
  <testcase name="setMaxCaloriesZero" classname="food.controller.ControllerImplTest" time="0.003"/>
  <testcase name="sendMessageNullFood" classname="food.controller.ControllerImplTest" time="0.002"/>
  <testcase name="sendMessageNullSize" classname="food.controller.ControllerImplTest" time="0.002"/>
  <testcase name="setMaxCaloriesSuccess" classname="food.controller.ControllerImplTest" time="0.003"/>
  <testcase name="removeNutritionObserver" classname="food.controller.ControllerImplTest" time="0.002"/>
  <testcase name="searchNormalFalseFalse" classname="food.controller.ControllerImplTest" time="0.002"/>
  <testcase name="searchNormalTrueFalse" classname="food.controller.ControllerImplTest" time="0.002"/>
  <testcase name="sendMessageEmptySize" classname="food.controller.ControllerImplTest" time="0.002"/>
  <system-out><![CDATA[]]></system-out>
  <system-err><![CDATA[]]></system-err>
</testsuite>
